  Ball.cpp
  Brick.cpp
  Paddle.cpp
  Game.cpp
  TextMenu.cpp
src\gui\TextMenu.cpp(11): warning C4018: '>=': signed/unsigned mismatch
src\gui\TextMenu.cpp(24): warning C4018: '<': signed/unsigned mismatch
  Level.cpp
src\level\Level.cpp(13): warning C4244: 'argument': conversion from 'int' to 'float', possible loss of data
src\level\Level.cpp(111): warning C4244: 'argument': conversion from 'int' to 'float', possible loss of data
src\level\Level.cpp(156): warning C4244: 'argument': conversion from 'float' to 'int', possible loss of data
  Main.cpp
  Collisions.cpp
  FontManager.cpp
  SoundManager.cpp
  TextureManager.cpp
  MenuState.cpp
  PlayState.cpp
  Generating code
  195 of 1317 functions (14.8%) were compiled, the rest were copied from previous compilation.
    122 functions were new in current compilation
    81 functions had inline decision re-evaluated but remain unchanged
  Finished generating code
  Starbud.vcxproj -> C:\Users\Justin\Documents\Visual Studio 2017\Projects\Starbud\Release\Starbud.exe
